<?xml version="1.0" encoding="UTF-8"?>
<!-- Generated by org.testng.reporters.JUnitReportReporter -->
<testsuite hostname="DESKTOP-NGU4BAO" failures="0" tests="1" name="com.meuteste.ReqResApiTest" time="3.718" errors="0" timestamp="2023-08-17T15:13:18 BRT" skipped="0">
  <testcase classname="com.meuteste.ReqResApiTest" name="testListUsers" time="3.718"/>
  <system-out/>
</testsuite> <!-- com.meuteste.ReqResApiTest -->
