<?xml version="1.0" encoding="UTF-8"?>
<!-- Generated by org.testng.reporters.JUnitReportReporter -->
<testsuite hostname="DESKTOP-NGU4BAO" failures="0" tests="1" name="com.meuteste.AppTest" time="0.016" errors="0" timestamp="2023-08-17T15:13:18 BRT" skipped="0">
  <testcase classname="com.meuteste.AppTest" name="testApp" time="0.016"/>
  <system-out/>
</testsuite> <!-- com.meuteste.AppTest -->
